{"level":"info","message":"GET /index 404 0ms","timestamp":"2017-05-26T01:45:02.798Z"}
{"level":"info","message":"POST /api/signIn 404 0ms","timestamp":"2017-05-28T02:53:59.410Z"}
{"level":"info","message":"POST /api/signIn 404 0ms","timestamp":"2017-05-28T03:02:14.547Z"}
{"level":"info","message":"POST /api/signIn 404 0ms","timestamp":"2017-05-28T03:48:01.977Z"}
{"level":"info","message":"GET /postArticle 404 0ms","timestamp":"2017-05-28T04:19:04.412Z"}
{"level":"info","message":"POST /api/signIn 404 0ms","timestamp":"2017-05-28T04:19:09.456Z"}
{"level":"info","message":"GET /personal/index 404 0ms","timestamp":"2017-05-28T04:20:17.768Z"}
{"level":"info","message":"POST /api/signIn 404 0ms","timestamp":"2017-05-28T04:20:20.989Z"}
{"level":"info","message":"GET /personal/index 404 0ms","timestamp":"2017-05-28T04:20:54.172Z"}
{"level":"info","message":"GET /index 404 0ms","timestamp":"2017-05-28T04:23:38.574Z"}
{"level":"info","message":"GET /login 404 0ms","timestamp":"2017-05-28T04:23:41.910Z"}
{"level":"info","message":"GET /login 404 0ms","timestamp":"2017-05-28T04:24:32.330Z"}
{"level":"info","message":"POST /api/signIn 404 0ms","timestamp":"2017-05-28T04:25:05.080Z"}
{"level":"info","message":"GET /personal/index 404 0ms","timestamp":"2017-05-28T04:27:06.501Z"}
{"level":"info","message":"POST /api/signIn 404 0ms","timestamp":"2017-05-28T04:27:12.379Z"}
{"level":"info","message":"GET /personal/index 404 0ms","timestamp":"2017-05-28T04:30:30.354Z"}
{"level":"info","message":"GET /login 404 0ms","timestamp":"2017-05-28T04:31:14.439Z"}
{"level":"info","message":"POST /api/signIn 404 0ms","timestamp":"2017-05-28T04:31:19.340Z"}
{"level":"info","message":"GET /personal/index 404 0ms","timestamp":"2017-05-28T04:34:28.764Z"}
{"level":"info","message":"GET /test 404 0ms","timestamp":"2017-05-28T04:34:35.722Z"}
{"level":"info","message":"GET /test 404 0ms","timestamp":"2017-05-28T04:34:49.438Z"}
{"level":"info","message":"GET /login 404 0ms","timestamp":"2017-05-28T04:34:55.374Z"}
{"level":"info","message":"POST /api/signIn 404 0ms","timestamp":"2017-05-28T04:35:02.392Z"}
{"level":"info","message":"GET /personal/index 404 0ms","timestamp":"2017-05-28T04:37:16.604Z"}
{"level":"info","message":"GET /me 404 0ms","timestamp":"2017-05-28T04:37:44.807Z"}
{"level":"info","message":"POST /api/signIn 404 0ms","timestamp":"2017-05-28T04:38:14.426Z"}
{"level":"info","message":"GET /personal/index 404 0ms","timestamp":"2017-05-28T04:40:48.262Z"}
{"level":"info","message":"POST /api/signIn 404 0ms","timestamp":"2017-05-28T04:41:33.943Z"}
{"level":"info","message":"GET /personal/index 404 0ms","timestamp":"2017-05-28T04:42:02.304Z"}
{"level":"info","message":"POST /api/signIn 404 0ms","timestamp":"2017-05-28T04:42:21.335Z"}
{"level":"info","message":"GET /personal/index 404 0ms","timestamp":"2017-05-28T04:46:32.946Z"}
{"level":"info","message":"POST /api/signIn 404 0ms","timestamp":"2017-05-28T04:46:39.439Z"}
{"level":"info","message":"GET /personal/index 404 0ms","timestamp":"2017-05-28T04:47:37.521Z"}
{"level":"info","message":"POST /api/signIn 404 0ms","timestamp":"2017-05-28T04:47:43.270Z"}
{"level":"info","message":"GET /personal/index 404 0ms","timestamp":"2017-05-28T04:48:50.656Z"}
{"level":"info","message":"POST /api/signIn 404 0ms","timestamp":"2017-05-28T07:05:25.916Z"}
{"level":"info","message":"GET / 404 0ms","timestamp":"2017-05-28T08:30:13.055Z"}
{"level":"info","message":"POST /api/signIn 404 0ms","timestamp":"2017-05-28T08:30:20.039Z"}
{"level":"info","message":"GET /personal/index 404 0ms","timestamp":"2017-05-28T08:30:35.360Z"}
{"level":"info","message":"GET / 404 0ms","timestamp":"2017-05-28T08:30:35.385Z"}
{"level":"info","message":"GET /static/css/main.f71595db.css 404 0ms","timestamp":"2017-05-28T08:30:35.427Z"}
{"level":"info","message":"GET /static/js/main.cd62f86e.js 404 0ms","timestamp":"2017-05-28T08:30:35.440Z"}
{"level":"info","message":"GET / 404 0ms","timestamp":"2017-05-28T08:30:35.565Z"}
{"level":"info","message":"GET / 404 0ms","timestamp":"2017-05-28T08:30:35.584Z"}
{"level":"info","message":"GET / 404 0ms","timestamp":"2017-05-28T08:30:49.593Z"}
{"level":"info","message":"POST /api/signIn 404 0ms","timestamp":"2017-05-28T08:30:52.780Z"}
{"level":"info","message":"GET /personal/index 404 0ms","timestamp":"2017-05-28T08:31:14.907Z"}
{"level":"info","message":"GET / 200 0ms","timestamp":"2017-05-28T08:31:14.936Z"}
{"level":"info","message":"POST /api/signIn 404 0ms","timestamp":"2017-05-28T08:31:21.625Z"}
{"level":"info","message":"GET /personal/index 404 0ms","timestamp":"2017-05-28T08:31:54.914Z"}
{"level":"info","message":"GET / 200 0ms","timestamp":"2017-05-28T08:31:54.939Z"}
{"level":"info","message":"GET / 404 0ms","timestamp":"2017-05-28T08:34:10.355Z"}
{"level":"info","message":"GET / 404 0ms","timestamp":"2017-05-28T08:34:11.521Z"}
{"level":"info","message":"GET / 404 0ms","timestamp":"2017-05-28T08:34:31.586Z"}
{"level":"info","message":"GET / 404 0ms","timestamp":"2017-05-28T08:34:34.476Z"}
{"level":"info","message":"GET / 404 0ms","timestamp":"2017-05-28T08:34:50.566Z"}
{"level":"info","message":"GET / 404 0ms","timestamp":"2017-05-28T08:34:54.744Z"}
{"level":"info","message":"GET / 404 0ms","timestamp":"2017-05-28T08:35:07.648Z"}
{"level":"info","message":"GET /static/css/main.f71595db.css 404 0ms","timestamp":"2017-05-28T08:35:07.684Z"}
{"level":"info","message":"GET /static/js/main.cd62f86e.js 404 0ms","timestamp":"2017-05-28T08:35:07.690Z"}
{"level":"info","message":"GET / 404 0ms","timestamp":"2017-05-28T08:35:29.176Z"}
{"level":"info","message":"GET /static/css/main.f71595db.css 404 0ms","timestamp":"2017-05-28T08:35:29.207Z"}
{"level":"info","message":"GET /static/js/main.cd62f86e.js 404 0ms","timestamp":"2017-05-28T08:35:29.214Z"}
{"level":"info","message":"GET / 404 0ms","timestamp":"2017-05-28T08:35:40.504Z"}
{"level":"info","message":"GET / 404 0ms","timestamp":"2017-05-28T08:36:11.554Z"}
{"level":"info","message":"POST /api/signIn 404 0ms","timestamp":"2017-05-28T08:36:17.392Z"}
