{"level":"info","message":"\u001b[90mGET /\u001b[39m\u001b[32m 200 \u001b[39m\u001b[90m9ms\u001b[39m","timestamp":"2017-05-22T07:10:37.848Z"}
{"level":"info","message":"\u001b[90mPOST /api/signIn\u001b[39m\u001b[32m 404 \u001b[39m\u001b[90m0ms\u001b[39m","timestamp":"2017-05-22T07:13:14.975Z"}
{"level":"info","message":"\u001b[90mPOST /api/signIn\u001b[39m\u001b[32m 200 \u001b[39m\u001b[90m11ms\u001b[39m","timestamp":"2017-05-22T07:13:14.986Z"}
{"level":"info","message":"\u001b[90mGET /api/posts?author=58fb5c4af81289702783067d\u001b[39m\u001b[32m 200 \u001b[39m\u001b[90m19ms\u001b[39m","timestamp":"2017-05-22T07:13:15.347Z"}
{"level":"info","message":"\u001b[90mGET /\u001b[39m\u001b[32m 200 \u001b[39m\u001b[90m10ms\u001b[39m","timestamp":"2017-05-22T07:22:27.485Z"}
{"level":"info","message":"\u001b[90mGET /\u001b[39m\u001b[32m 200 \u001b[39m\u001b[90m5ms\u001b[39m","timestamp":"2017-05-22T07:24:22.992Z"}
{"level":"info","message":"GET / 200 5ms","timestamp":"2017-05-22T07:27:18.870Z"}
{"level":"info","message":"GET /resume 200 4ms","timestamp":"2017-05-23T05:30:12.400Z"}
{"level":"info","message":"GET /css/common.css 404 0ms","timestamp":"2017-05-23T05:30:12.420Z"}
{"level":"info","message":"GET /img/tx.png 404 0ms","timestamp":"2017-05-23T05:30:12.421Z"}
{"level":"info","message":"GET /img/icon/eat.png 404 0ms","timestamp":"2017-05-23T05:30:12.539Z"}
{"level":"info","message":"GET /img/icon/trip.png 404 0ms","timestamp":"2017-05-23T05:30:12.540Z"}
{"level":"info","message":"GET /img/icon/cook.png 404 0ms","timestamp":"2017-05-23T05:30:12.541Z"}
{"level":"info","message":"GET /img/icon/basketball.png 404 1ms","timestamp":"2017-05-23T05:30:12.542Z"}
{"level":"info","message":"GET /img/icon/pingpang.png 404 0ms","timestamp":"2017-05-23T05:30:12.543Z"}
{"level":"info","message":"GET /img/icon/game.png 404 0ms","timestamp":"2017-05-23T05:30:12.546Z"}
{"level":"info","message":"GET /css/common.css 404 0ms","timestamp":"2017-05-23T05:30:18.083Z"}
{"level":"info","message":"GET /resume 200 7ms","timestamp":"2017-05-23T05:30:48.470Z"}
{"level":"info","message":"GET /resume 200 9ms","timestamp":"2017-05-23T11:45:34.688Z"}
{"level":"info","message":"GET /css/aboutMe_z_44b227d.png 404 1ms","timestamp":"2017-05-23T11:45:34.939Z"}
{"level":"info","message":"GET /resume 200 9ms","timestamp":"2017-05-23T12:43:53.280Z"}
{"level":"info","message":"GET /static/css/_8ee7dd8.css 404 0ms","timestamp":"2017-05-23T12:43:53.392Z"}
{"level":"info","message":"GET /static/css/_8ee7dd8.css 404 1ms","timestamp":"2017-05-23T12:44:01.544Z"}
{"level":"info","message":"GET /resume 200 1ms","timestamp":"2017-05-23T12:47:01.614Z"}
{"level":"info","message":"GET /css/common.css 404 1ms","timestamp":"2017-05-23T12:47:01.642Z"}
{"level":"info","message":"GET /css/aboutMe.css 404 0ms","timestamp":"2017-05-23T12:47:01.662Z"}
{"level":"info","message":"GET /img/tx.png 404 1ms","timestamp":"2017-05-23T12:47:01.667Z"}
{"level":"info","message":"GET /resume 200 1ms","timestamp":"2017-05-23T12:47:23.222Z"}
{"level":"info","message":"GET /static/img/icon/_44b227d.png 404 0ms","timestamp":"2017-05-23T12:47:23.431Z"}
{"level":"info","message":"GET /static/img/icon/_44b227d 404 0ms","timestamp":"2017-05-23T12:48:27.552Z"}
{"level":"info","message":"GET /static/img/icon/_44b227d.png 404 1ms","timestamp":"2017-05-23T12:48:30.798Z"}
{"level":"info","message":"GET /static/img/icon/_44b227d.png 404 4ms","timestamp":"2017-05-23T12:49:12.376Z"}
{"level":"info","message":"GET /static/img/icon/_44b227d.png 404 0ms","timestamp":"2017-05-23T12:49:13.260Z"}
{"level":"info","message":"GET /static/img/icon/__44b227d.png 404 1ms","timestamp":"2017-05-23T12:49:52.162Z"}
{"level":"info","message":"GET /resume 200 5ms","timestamp":"2017-05-23T12:50:31.218Z"}
{"level":"info","message":"GET /me 200 13ms","timestamp":"2017-05-25T01:52:59.178Z"}
{"level":"info","message":"GET /me/about 200 5ms","timestamp":"2017-05-25T01:53:04.468Z"}
{"level":"info","message":"GET /me/project 200 3ms","timestamp":"2017-05-25T01:53:12.142Z"}
{"level":"info","message":"GET /me/project 200 2ms","timestamp":"2017-05-25T01:54:31.357Z"}
{"level":"info","message":"GET /me/project 200 1ms","timestamp":"2017-05-25T01:54:45.665Z"}
{"level":"info","message":"GET /me/project 200 1ms","timestamp":"2017-05-25T01:54:48.897Z"}
{"level":"info","message":"GET /favicon.ico 404 1ms","timestamp":"2017-05-25T01:54:49.093Z"}
{"level":"info","message":"GET /me/project 200 1ms","timestamp":"2017-05-25T01:54:55.342Z"}
{"level":"info","message":"GET /me/project 200 1ms","timestamp":"2017-05-25T01:56:05.982Z"}
{"level":"info","message":"GET /me/project 200 1ms","timestamp":"2017-05-25T01:56:40.917Z"}
{"level":"info","message":"GET /me/project 200 1ms","timestamp":"2017-05-25T01:57:25.698Z"}
{"level":"info","message":"GET /me/experience 404 0ms","timestamp":"2017-05-25T01:57:29.353Z"}
{"level":"info","message":"GET /me/project 200 2ms","timestamp":"2017-05-25T01:59:02.531Z"}
{"level":"info","message":"GET /me/project 200 1ms","timestamp":"2017-05-25T02:00:18.531Z"}
{"level":"info","message":"GET /me/project 200 1ms","timestamp":"2017-05-25T02:00:24.161Z"}
{"level":"info","message":"GET /me/project 200 0ms","timestamp":"2017-05-25T02:01:02.233Z"}
{"level":"info","message":"GET /me/project 200 2ms","timestamp":"2017-05-25T02:01:09.859Z"}
{"level":"info","message":"GET /me/project 200 1ms","timestamp":"2017-05-25T02:01:24.025Z"}
{"level":"info","message":"GET /me/pabout 404 0ms","timestamp":"2017-05-25T02:01:28.495Z"}
{"level":"info","message":"GET /me/about 200 1ms","timestamp":"2017-05-25T02:01:32.069Z"}
{"level":"info","message":"GET /me/projext 404 1ms","timestamp":"2017-05-25T02:01:36.366Z"}
{"level":"info","message":"GET /me/about 200 2ms","timestamp":"2017-05-25T02:01:54.587Z"}
{"level":"info","message":"GET /me/project 200 1ms","timestamp":"2017-05-25T02:01:57.198Z"}
{"level":"info","message":"GET /me/about 200 1ms","timestamp":"2017-05-25T02:02:00.024Z"}
{"level":"info","message":"GET /me/project 200 1ms","timestamp":"2017-05-25T02:02:01.664Z"}
{"level":"info","message":"GET /me/about 200 1ms","timestamp":"2017-05-25T02:02:02.863Z"}
{"level":"info","message":"GET /me/about 200 1ms","timestamp":"2017-05-25T02:04:50.141Z"}
{"level":"info","message":"GET /me/project 200 1ms","timestamp":"2017-05-25T02:05:07.184Z"}
{"level":"info","message":"GET /me/about 200 2ms","timestamp":"2017-05-25T02:33:32.529Z"}
{"level":"info","message":"GET / 200 1ms","timestamp":"2017-05-25T02:37:46.686Z"}
{"level":"info","message":"GET /index 404 0ms","timestamp":"2017-05-25T02:37:49.962Z"}
{"level":"info","message":"GET /me 200 1ms","timestamp":"2017-05-25T02:37:54.769Z"}
{"level":"info","message":"GET / 200 0ms","timestamp":"2017-05-25T02:38:04.027Z"}
{"level":"info","message":"GET / 200 1ms","timestamp":"2017-05-25T02:38:18.739Z"}
{"level":"info","message":"GET / 200 1ms","timestamp":"2017-05-25T02:38:26.184Z"}
{"level":"info","message":"GET /me 200 1ms","timestamp":"2017-05-25T02:39:07.078Z"}
