Arguments: 
  /usr/local/bin/node /usr/local/bin/yarn install

PATH: 
  /usr/local/bin:/usr/bin:/bin:/usr/sbin:/sbin

Yarn version: 
  0.19.1

Node version: 
  7.6.0

Platform: 
  darwin x64

npm manifest: 
  {
  	"name": "blog-server",
  	"version": "1.0.0",
  	"description": "koa2 blog",
  	"main": "index.js",
  	"scripts": {
  		"test": "echo \"Error: no test specified\" && exit 1"
  	},
  	"dependencies": {
  		"koa": "2.0.0",
  		"koa-bodyparser": "3.2.0",
  		"koa-multer": "^1.0.0",
  		"koa-route": "^2.4.2",
  		"koa-router": "7.0.0",
  		"koa-uploadify": "^1.0.3",
  		"babel-core": "6.13.2",
  		"babel-polyfill": "6.13.0",
  		"babel-preset-es2015-node6": "0.3.0",
  		"babel-preset-stage-3": "6.5.0",
  		"mime": "1.3.4",
  		"mz": "2.4.0"
  	},
  	"author": "maizi",
  	"license": "ISC"
  }

yarn manifest: 
  No manifest

Lockfile: 
  No lockfile

Trace: 
  Error: EEXIST: file already exists, mkdir '/Users/MacBook/Documents/nodeSutdy/full-stack-blog/server/node_modules/babel-register'
